[finistere sobel-parallel]$ . run_test.sh
gcc -O3 -Iinclude -c -o obj/main.o src/main.c
gcc -O3 -Iinclude -lm -o sobelf obj/dgif_lib.o obj/egif_lib.o obj/gif_err.o obj/gif_font.o obj/gif_hash.o obj/gifalloc.o obj/main.o obj/openbsd-reallocarray.o obj/quantize.o
Running test on images/original/051009.vince.gif -> images/processed/051009.vince-sobel.gif
GIF loaded from file images/original/051009.vince.gif with 1 image(s) in 0.014435 s
On iteration 1 of image 0 the value of end is: 0
On iteration 2 of image 0 the value of end is: 0
On iteration 3 of image 0 the value of end is: 0
On iteration 4 of image 0 the value of end is: 0
On iteration 5 of image 0 the value of end is: 1
SOBEL done in 0.148443 s
Export done in 0.381654 s in file images/processed/051009.vince-sobel.gif
Running test on images/original/1.gif -> images/processed/1-sobel.gif
GIF loaded from file images/original/1.gif with 10 image(s) in 0.022128 s
On iteration 1 of image 0 the value of end is: 0
On iteration 2 of image 0 the value of end is: 0
On iteration 3 of image 0 the value of end is: 0
On iteration 4 of image 0 the value of end is: 0
On iteration 5 of image 0 the value of end is: 0
On iteration 6 of image 0 the value of end is: 1
On iteration 1 of image 1 the value of end is: 0
On iteration 2 of image 1 the value of end is: 0
On iteration 3 of image 1 the value of end is: 0
On iteration 4 of image 1 the value of end is: 0
On iteration 5 of image 1 the value of end is: 0
On iteration 6 of image 1 the value of end is: 0
On iteration 7 of image 1 the value of end is: 1
On iteration 1 of image 2 the value of end is: 0
On iteration 2 of image 2 the value of end is: 0
On iteration 3 of image 2 the value of end is: 0
On iteration 4 of image 2 the value of end is: 0
On iteration 5 of image 2 the value of end is: 0
On iteration 6 of image 2 the value of end is: 0
On iteration 7 of image 2 the value of end is: 1
On iteration 1 of image 3 the value of end is: 0
On iteration 2 of image 3 the value of end is: 0
On iteration 3 of image 3 the value of end is: 0
On iteration 4 of image 3 the value of end is: 0
On iteration 5 of image 3 the value of end is: 0
On iteration 6 of image 3 the value of end is: 0
On iteration 7 of image 3 the value of end is: 1
On iteration 1 of image 4 the value of end is: 0
On iteration 2 of image 4 the value of end is: 0
On iteration 3 of image 4 the value of end is: 0
On iteration 4 of image 4 the value of end is: 0
On iteration 5 of image 4 the value of end is: 0
On iteration 6 of image 4 the value of end is: 1
On iteration 1 of image 5 the value of end is: 0
On iteration 2 of image 5 the value of end is: 0
On iteration 3 of image 5 the value of end is: 0
On iteration 4 of image 5 the value of end is: 0
On iteration 5 of image 5 the value of end is: 0
On iteration 6 of image 5 the value of end is: 0
On iteration 7 of image 5 the value of end is: 1
On iteration 1 of image 6 the value of end is: 0
On iteration 2 of image 6 the value of end is: 0
On iteration 3 of image 6 the value of end is: 0
On iteration 4 of image 6 the value of end is: 0
On iteration 5 of image 6 the value of end is: 0
On iteration 6 of image 6 the value of end is: 0
On iteration 7 of image 6 the value of end is: 1
On iteration 1 of image 7 the value of end is: 0
On iteration 2 of image 7 the value of end is: 0
On iteration 3 of image 7 the value of end is: 0
On iteration 4 of image 7 the value of end is: 0
On iteration 5 of image 7 the value of end is: 0
On iteration 6 of image 7 the value of end is: 0
On iteration 7 of image 7 the value of end is: 1
On iteration 1 of image 8 the value of end is: 0
On iteration 2 of image 8 the value of end is: 0
On iteration 3 of image 8 the value of end is: 0
On iteration 4 of image 8 the value of end is: 0
On iteration 5 of image 8 the value of end is: 0
On iteration 6 of image 8 the value of end is: 1
On iteration 1 of image 9 the value of end is: 0
On iteration 2 of image 9 the value of end is: 0
On iteration 3 of image 9 the value of end is: 0
On iteration 4 of image 9 the value of end is: 0
On iteration 5 of image 9 the value of end is: 0
On iteration 6 of image 9 the value of end is: 1
SOBEL done in 0.326557 s
Export done in 0.660003 s in file images/processed/1-sobel.gif
Running test on images/original/200_s.gif -> images/processed/200_s-sobel.gif
GIF loaded from file images/original/200_s.gif with 1 image(s) in 0.000672 s
On iteration 1 of image 0 the value of end is: 0
On iteration 2 of image 0 the value of end is: 0
On iteration 3 of image 0 the value of end is: 0
On iteration 4 of image 0 the value of end is: 0
On iteration 5 of image 0 the value of end is: 1
SOBEL done in 0.002975 s
Export done in 0.009691 s in file images/processed/200_s-sobel.gif
Running test on images/original/9815573.gif -> images/processed/9815573-sobel.gif
GIF loaded from file images/original/9815573.gif with 10 image(s) in 0.015781 s
On iteration 1 of image 0 the value of end is: 0
On iteration 2 of image 0 the value of end is: 0
On iteration 3 of image 0 the value of end is: 1
On iteration 1 of image 1 the value of end is: 0
On iteration 2 of image 1 the value of end is: 0
On iteration 3 of image 1 the value of end is: 1
On iteration 1 of image 2 the value of end is: 0
On iteration 2 of image 2 the value of end is: 0
On iteration 3 of image 2 the value of end is: 1
On iteration 1 of image 3 the value of end is: 0
On iteration 2 of image 3 the value of end is: 0
On iteration 3 of image 3 the value of end is: 1
On iteration 1 of image 4 the value of end is: 0
On iteration 2 of image 4 the value of end is: 0
On iteration 3 of image 4 the value of end is: 1
On iteration 1 of image 5 the value of end is: 0
On iteration 2 of image 5 the value of end is: 0
On iteration 3 of image 5 the value of end is: 1
On iteration 1 of image 6 the value of end is: 0
On iteration 2 of image 6 the value of end is: 0
On iteration 3 of image 6 the value of end is: 1
On iteration 1 of image 7 the value of end is: 0
On iteration 2 of image 7 the value of end is: 0
On iteration 3 of image 7 the value of end is: 1
On iteration 1 of image 8 the value of end is: 0
On iteration 2 of image 8 the value of end is: 0
On iteration 3 of image 8 the value of end is: 1
On iteration 1 of image 9 the value of end is: 0
On iteration 2 of image 9 the value of end is: 0
On iteration 3 of image 9 the value of end is: 1
SOBEL done in 0.076905 s
Export done in 0.320596 s in file images/processed/9815573-sobel.gif
Running test on images/original/australian-flag-large.gif -> images/processed/australian-flag-large-sobel.gif
GIF loaded from file images/original/australian-flag-large.gif with 1 image(s) in 0.005004 s
On iteration 1 of image 0 the value of end is: 0
On iteration 2 of image 0 the value of end is: 0
On iteration 3 of image 0 the value of end is: 0
On iteration 4 of image 0 the value of end is: 0
On iteration 5 of image 0 the value of end is: 0
On iteration 6 of image 0 the value of end is: 1
SOBEL done in 0.095496 s
Export done in 0.184607 s in file images/processed/australian-flag-large-sobel.gif
Running test on images/original/Campusplan-Hausnr.gif -> images/processed/Campusplan-Hausnr-sobel.gif
GIF loaded from file images/original/Campusplan-Hausnr.gif with 1 image(s) in 0.325922 s
On iteration 1 of image 0 the value of end is: 0
On iteration 2 of image 0 the value of end is: 0
On iteration 3 of image 0 the value of end is: 0
On iteration 4 of image 0 the value of end is: 0
On iteration 5 of image 0 the value of end is: 0
On iteration 6 of image 0 the value of end is: 1
SOBEL done in 9.491664 s
Export done in 17.333631 s in file images/processed/Campusplan-Hausnr-sobel.gif
Running test on images/original/Campusplan-Mobilitaetsbeschraenkte.gif -> images/processed/Campusplan-Mobilitaetsbeschraenkte-sobel.gif
GIF loaded from file images/original/Campusplan-Mobilitaetsbeschraenkte.gif with 1 image(s) in 0.343886 s
On iteration 1 of image 0 the value of end is: 0
On iteration 2 of image 0 the value of end is: 0
On iteration 3 of image 0 the value of end is: 0
On iteration 4 of image 0 the value of end is: 0
On iteration 5 of image 0 the value of end is: 0
On iteration 6 of image 0 the value of end is: 1
SOBEL done in 9.454300 s
Export done in 16.692820 s in file images/processed/Campusplan-Mobilitaetsbeschraenkte-sobel.gif
Running test on images/original/fire.gif -> images/processed/fire-sobel.gif
GIF loaded from file images/original/fire.gif with 33 image(s) in 0.001091 s
On iteration 1 of image 0 the value of end is: 0
On iteration 2 of image 0 the value of end is: 1
On iteration 1 of image 1 the value of end is: 0
On iteration 2 of image 1 the value of end is: 1
On iteration 1 of image 2 the value of end is: 0
On iteration 2 of image 2 the value of end is: 1
On iteration 1 of image 3 the value of end is: 0
On iteration 2 of image 3 the value of end is: 1
On iteration 1 of image 4 the value of end is: 0
On iteration 2 of image 4 the value of end is: 1
On iteration 1 of image 5 the value of end is: 0
On iteration 2 of image 5 the value of end is: 1
On iteration 1 of image 6 the value of end is: 0
On iteration 2 of image 6 the value of end is: 1
On iteration 1 of image 7 the value of end is: 0
On iteration 2 of image 7 the value of end is: 1
On iteration 1 of image 8 the value of end is: 1
On iteration 1 of image 9 the value of end is: 1
On iteration 1 of image 10 the value of end is: 1
On iteration 1 of image 11 the value of end is: 1
On iteration 1 of image 12 the value of end is: 1
On iteration 1 of image 13 the value of end is: 1
On iteration 1 of image 14 the value of end is: 1
On iteration 1 of image 15 the value of end is: 1
On iteration 1 of image 16 the value of end is: 0
On iteration 2 of image 16 the value of end is: 1
On iteration 1 of image 17 the value of end is: 0
On iteration 2 of image 17 the value of end is: 1
On iteration 1 of image 18 the value of end is: 1
On iteration 1 of image 19 the value of end is: 1
On iteration 1 of image 20 the value of end is: 1
On iteration 1 of image 21 the value of end is: 1
On iteration 1 of image 22 the value of end is: 0
On iteration 2 of image 22 the value of end is: 1
On iteration 1 of image 23 the value of end is: 0
On iteration 2 of image 23 the value of end is: 1
On iteration 1 of image 24 the value of end is: 1
On iteration 1 of image 25 the value of end is: 1
On iteration 1 of image 26 the value of end is: 1
On iteration 1 of image 27 the value of end is: 1
On iteration 1 of image 28 the value of end is: 1
On iteration 1 of image 29 the value of end is: 1
On iteration 1 of image 30 the value of end is: 0
On iteration 2 of image 30 the value of end is: 1
On iteration 1 of image 31 the value of end is: 0
On iteration 2 of image 31 the value of end is: 1
On iteration 1 of image 32 the value of end is: 0
On iteration 2 of image 32 the value of end is: 1
SOBEL done in 0.000807 s
Export done in 0.008644 s in file images/processed/fire-sobel.gif
Running test on images/original/frame_002.gif -> images/processed/frame_002-sobel.gif
GIF loaded from file images/original/frame_002.gif with 1 image(s) in 0.002187 s
On iteration 1 of image 0 the value of end is: 0
On iteration 2 of image 0 the value of end is: 0
On iteration 3 of image 0 the value of end is: 0
On iteration 4 of image 0 the value of end is: 0
On iteration 5 of image 0 the value of end is: 0
On iteration 6 of image 0 the value of end is: 1
SOBEL done in 0.031917 s
Export done in 0.063789 s in file images/processed/frame_002-sobel.gif
Running test on images/original/giphy-3.gif -> images/processed/giphy-3-sobel.gif
GIF loaded from file images/original/giphy-3.gif with 5 image(s) in 0.092951 s
On iteration 1 of image 0 the value of end is: 0
On iteration 2 of image 0 the value of end is: 0
On iteration 3 of image 0 the value of end is: 0
On iteration 4 of image 0 the value of end is: 1
On iteration 1 of image 1 the value of end is: 0
On iteration 2 of image 1 the value of end is: 0
On iteration 3 of image 1 the value of end is: 0
On iteration 4 of image 1 the value of end is: 1
On iteration 1 of image 2 the value of end is: 0
On iteration 2 of image 2 the value of end is: 0
On iteration 3 of image 2 the value of end is: 0
On iteration 4 of image 2 the value of end is: 0
On iteration 5 of image 2 the value of end is: 0
On iteration 6 of image 2 the value of end is: 1
On iteration 1 of image 3 the value of end is: 0
On iteration 2 of image 3 the value of end is: 0
On iteration 3 of image 3 the value of end is: 0
On iteration 4 of image 3 the value of end is: 0
On iteration 5 of image 3 the value of end is: 1
On iteration 1 of image 4 the value of end is: 0
On iteration 2 of image 4 the value of end is: 0
On iteration 3 of image 4 the value of end is: 1
SOBEL done in 1.009567 s
Export done in 2.890811 s in file images/processed/giphy-3-sobel.gif
Running test on images/original/Mandelbrot-large.gif -> images/processed/Mandelbrot-large-sobel.gif
GIF loaded from file images/original/Mandelbrot-large.gif with 20 image(s) in 0.190214 s
On iteration 1 of image 0 the value of end is: 0
On iteration 2 of image 0 the value of end is: 0
On iteration 3 of image 0 the value of end is: 0
On iteration 4 of image 0 the value of end is: 1
On iteration 1 of image 1 the value of end is: 0
On iteration 2 of image 1 the value of end is: 0
On iteration 3 of image 1 the value of end is: 1
On iteration 1 of image 2 the value of end is: 0
On iteration 2 of image 2 the value of end is: 0
On iteration 3 of image 2 the value of end is: 1
On iteration 1 of image 3 the value of end is: 0
On iteration 2 of image 3 the value of end is: 0
On iteration 3 of image 3 the value of end is: 1
On iteration 1 of image 4 the value of end is: 0
On iteration 2 of image 4 the value of end is: 0
On iteration 3 of image 4 the value of end is: 1
On iteration 1 of image 5 the value of end is: 0
On iteration 2 of image 5 the value of end is: 0
On iteration 3 of image 5 the value of end is: 1
On iteration 1 of image 6 the value of end is: 0
On iteration 2 of image 6 the value of end is: 0
On iteration 3 of image 6 the value of end is: 1
On iteration 1 of image 7 the value of end is: 0
On iteration 2 of image 7 the value of end is: 0
On iteration 3 of image 7 the value of end is: 1
On iteration 1 of image 8 the value of end is: 0
On iteration 2 of image 8 the value of end is: 0
On iteration 3 of image 8 the value of end is: 1
On iteration 1 of image 9 the value of end is: 0
On iteration 2 of image 9 the value of end is: 0
On iteration 3 of image 9 the value of end is: 1
On iteration 1 of image 10 the value of end is: 0
On iteration 2 of image 10 the value of end is: 0
On iteration 3 of image 10 the value of end is: 1
On iteration 1 of image 11 the value of end is: 0
On iteration 2 of image 11 the value of end is: 0
On iteration 3 of image 11 the value of end is: 1
On iteration 1 of image 12 the value of end is: 0
On iteration 2 of image 12 the value of end is: 0
On iteration 3 of image 12 the value of end is: 1
On iteration 1 of image 13 the value of end is: 0
On iteration 2 of image 13 the value of end is: 0
On iteration 3 of image 13 the value of end is: 1
On iteration 1 of image 14 the value of end is: 0
On iteration 2 of image 14 the value of end is: 0
On iteration 3 of image 14 the value of end is: 1
On iteration 1 of image 15 the value of end is: 0
On iteration 2 of image 15 the value of end is: 0
On iteration 3 of image 15 the value of end is: 1
On iteration 1 of image 16 the value of end is: 0
On iteration 2 of image 16 the value of end is: 0
On iteration 3 of image 16 the value of end is: 1
On iteration 1 of image 17 the value of end is: 0
On iteration 2 of image 17 the value of end is: 0
On iteration 3 of image 17 the value of end is: 1
On iteration 1 of image 18 the value of end is: 0
On iteration 2 of image 18 the value of end is: 0
On iteration 3 of image 18 the value of end is: 1
On iteration 1 of image 19 the value of end is: 0
On iteration 2 of image 19 the value of end is: 1
SOBEL done in 1.823934 s
Export done in 5.682082 s in file images/processed/Mandelbrot-large-sobel.gif
Running test on images/original/porsche.gif -> images/processed/porsche-sobel.gif
GIF loaded from file images/original/porsche.gif with 1 image(s) in 0.000889 s
On iteration 1 of image 0 the value of end is: 0
On iteration 2 of image 0 the value of end is: 1
SOBEL done in 0.002064 s
Export done in 0.004382 s in file images/processed/porsche-sobel.gif
Running test on images/original/Produits_sous_linux.gif -> images/processed/Produits_sous_linux-sobel.gif
GIF loaded from file images/original/Produits_sous_linux.gif with 1 image(s) in 0.005743 s
On iteration 1 of image 0 the value of end is: 0
On iteration 2 of image 0 the value of end is: 0
On iteration 3 of image 0 the value of end is: 0
On iteration 4 of image 0 the value of end is: 0
On iteration 5 of image 0 the value of end is: 0
On iteration 6 of image 0 the value of end is: 1
SOBEL done in 0.104303 s
Export done in 0.205657 s in file images/processed/Produits_sous_linux-sobel.gif
Running test on images/original/TimelyHugeGnu.gif -> images/processed/TimelyHugeGnu-sobel.gif
GIF loaded from file images/original/TimelyHugeGnu.gif with 19 image(s) in 0.051600 s
On iteration 1 of image 0 the value of end is: 0
On iteration 2 of image 0 the value of end is: 0
On iteration 3 of image 0 the value of end is: 1
On iteration 1 of image 1 the value of end is: 0
On iteration 2 of image 1 the value of end is: 0
On iteration 3 of image 1 the value of end is: 1
On iteration 1 of image 2 the value of end is: 0
On iteration 2 of image 2 the value of end is: 0
On iteration 3 of image 2 the value of end is: 1
On iteration 1 of image 3 the value of end is: 0
On iteration 2 of image 3 the value of end is: 0
On iteration 3 of image 3 the value of end is: 1
On iteration 1 of image 4 the value of end is: 0
On iteration 2 of image 4 the value of end is: 0
On iteration 3 of image 4 the value of end is: 1
On iteration 1 of image 5 the value of end is: 0
On iteration 2 of image 5 the value of end is: 0
On iteration 3 of image 5 the value of end is: 1
On iteration 1 of image 6 the value of end is: 0
On iteration 2 of image 6 the value of end is: 0
On iteration 3 of image 6 the value of end is: 1
On iteration 1 of image 7 the value of end is: 0
On iteration 2 of image 7 the value of end is: 0
On iteration 3 of image 7 the value of end is: 1
On iteration 1 of image 8 the value of end is: 0
On iteration 2 of image 8 the value of end is: 0
On iteration 3 of image 8 the value of end is: 1
On iteration 1 of image 9 the value of end is: 0
On iteration 2 of image 9 the value of end is: 0
On iteration 3 of image 9 the value of end is: 1
On iteration 1 of image 10 the value of end is: 0
On iteration 2 of image 10 the value of end is: 0
On iteration 3 of image 10 the value of end is: 1
On iteration 1 of image 11 the value of end is: 0
On iteration 2 of image 11 the value of end is: 0
On iteration 3 of image 11 the value of end is: 1
On iteration 1 of image 12 the value of end is: 0
On iteration 2 of image 12 the value of end is: 0
On iteration 3 of image 12 the value of end is: 1
On iteration 1 of image 13 the value of end is: 0
On iteration 2 of image 13 the value of end is: 0
On iteration 3 of image 13 the value of end is: 1
On iteration 1 of image 14 the value of end is: 0
On iteration 2 of image 14 the value of end is: 0
On iteration 3 of image 14 the value of end is: 1
On iteration 1 of image 15 the value of end is: 0
On iteration 2 of image 15 the value of end is: 0
On iteration 3 of image 15 the value of end is: 1
On iteration 1 of image 16 the value of end is: 0
On iteration 2 of image 16 the value of end is: 0
On iteration 3 of image 16 the value of end is: 1
On iteration 1 of image 17 the value of end is: 0
On iteration 2 of image 17 the value of end is: 0
On iteration 3 of image 17 the value of end is: 1
On iteration 1 of image 18 the value of end is: 0
On iteration 2 of image 18 the value of end is: 0
On iteration 3 of image 18 the value of end is: 1
SOBEL done in 0.244790 s
Export done in 0.720763 s in file images/processed/TimelyHugeGnu-sobel.gif
Running test on images/original/tumblr_myxlbtwVEb1qzt4vjo1_r14_500_large.gif -> images/processed/tumblr_myxlbtwVEb1qzt4vjo1_r14_500_large-sobel.gif
GIF loaded from file images/original/tumblr_myxlbtwVEb1qzt4vjo1_r14_500_large.gif with 10 image(s) in 0.020521 s
On iteration 1 of image 0 the value of end is: 0
On iteration 2 of image 0 the value of end is: 0
On iteration 3 of image 0 the value of end is: 0
On iteration 4 of image 0 the value of end is: 1
On iteration 1 of image 1 the value of end is: 0
On iteration 2 of image 1 the value of end is: 0
On iteration 3 of image 1 the value of end is: 0
On iteration 4 of image 1 the value of end is: 1
On iteration 1 of image 2 the value of end is: 0
On iteration 2 of image 2 the value of end is: 0
On iteration 3 of image 2 the value of end is: 0
On iteration 4 of image 2 the value of end is: 1
On iteration 1 of image 3 the value of end is: 0
On iteration 2 of image 3 the value of end is: 0
On iteration 3 of image 3 the value of end is: 0
On iteration 4 of image 3 the value of end is: 1
On iteration 1 of image 4 the value of end is: 0
On iteration 2 of image 4 the value of end is: 0
On iteration 3 of image 4 the value of end is: 0
On iteration 4 of image 4 the value of end is: 1
On iteration 1 of image 5 the value of end is: 0
On iteration 2 of image 5 the value of end is: 0
On iteration 3 of image 5 the value of end is: 0
On iteration 4 of image 5 the value of end is: 1
On iteration 1 of image 6 the value of end is: 0
On iteration 2 of image 6 the value of end is: 0
On iteration 3 of image 6 the value of end is: 0
On iteration 4 of image 6 the value of end is: 1
On iteration 1 of image 7 the value of end is: 0
On iteration 2 of image 7 the value of end is: 0
On iteration 3 of image 7 the value of end is: 0
On iteration 4 of image 7 the value of end is: 1
On iteration 1 of image 8 the value of end is: 0
On iteration 2 of image 8 the value of end is: 0
On iteration 3 of image 8 the value of end is: 0
On iteration 4 of image 8 the value of end is: 1
On iteration 1 of image 9 the value of end is: 0
On iteration 2 of image 9 the value of end is: 0
On iteration 3 of image 9 the value of end is: 0
On iteration 4 of image 9 the value of end is: 1
SOBEL done in 0.193253 s
Export done in 0.609792 s in file images/processed/tumblr_myxlbtwVEb1qzt4vjo1_r14_500_large-sobel.gif